[0.460s] Invoking command in '/home/yoichi/ros2_ws/src/mypkg': CONDA_PROMPT_MODIFIER=(base) PYTHONPATH=/home/yoichi/ros2_ws/src/mypkg/build/mypkg/prefix_override:/usr/lib/python3/dist-packages/colcon_core/task/python/colcon_distutils_commands:/home/yoichi/ros2_ws/src/mypkg/install/mypkg/lib/python3.10/site-packages:${PYTHONPATH} /usr/bin/python3 -W ignore:setup.py install is deprecated -W ignore:easy_install command is deprecated setup.py egg_info --egg-base build/mypkg build --build-base /home/yoichi/ros2_ws/src/mypkg/build/mypkg/build install --record /home/yoichi/ros2_ws/src/mypkg/build/mypkg/install.log --single-version-externally-managed install_data
[0.603s] running egg_info
[0.611s] creating build/mypkg/mypkg.egg-info
[0.611s] writing build/mypkg/mypkg.egg-info/PKG-INFO
[0.612s] writing dependency_links to build/mypkg/mypkg.egg-info/dependency_links.txt
[0.612s] writing entry points to build/mypkg/mypkg.egg-info/entry_points.txt
[0.612s] writing requirements to build/mypkg/mypkg.egg-info/requires.txt
[0.612s] writing top-level names to build/mypkg/mypkg.egg-info/top_level.txt
[0.612s] writing manifest file 'build/mypkg/mypkg.egg-info/SOURCES.txt'
[0.630s] reading manifest file 'build/mypkg/mypkg.egg-info/SOURCES.txt'
[0.631s] writing manifest file 'build/mypkg/mypkg.egg-info/SOURCES.txt'
[0.631s] running build
[0.631s] running build_py
[0.631s] creating /home/yoichi/ros2_ws/src/mypkg/build/mypkg/build/lib/mypkg
[0.632s] copying mypkg/__init__.py -> /home/yoichi/ros2_ws/src/mypkg/build/mypkg/build/lib/mypkg
[0.632s] copying mypkg/listener.py -> /home/yoichi/ros2_ws/src/mypkg/build/mypkg/build/lib/mypkg
[0.632s] copying mypkg/talker.py -> /home/yoichi/ros2_ws/src/mypkg/build/mypkg/build/lib/mypkg
[0.633s] running install
[0.635s] running install_lib
[0.644s] creating /home/yoichi/ros2_ws/src/mypkg/install/mypkg/lib/python3.10/site-packages/mypkg
[0.644s] copying /home/yoichi/ros2_ws/src/mypkg/build/mypkg/build/lib/mypkg/__init__.py -> /home/yoichi/ros2_ws/src/mypkg/install/mypkg/lib/python3.10/site-packages/mypkg
[0.644s] copying /home/yoichi/ros2_ws/src/mypkg/build/mypkg/build/lib/mypkg/listener.py -> /home/yoichi/ros2_ws/src/mypkg/install/mypkg/lib/python3.10/site-packages/mypkg
[0.644s] copying /home/yoichi/ros2_ws/src/mypkg/build/mypkg/build/lib/mypkg/talker.py -> /home/yoichi/ros2_ws/src/mypkg/install/mypkg/lib/python3.10/site-packages/mypkg
[0.645s] byte-compiling /home/yoichi/ros2_ws/src/mypkg/install/mypkg/lib/python3.10/site-packages/mypkg/__init__.py to __init__.cpython-310.pyc
[0.645s] byte-compiling /home/yoichi/ros2_ws/src/mypkg/install/mypkg/lib/python3.10/site-packages/mypkg/listener.py to listener.cpython-310.pyc
[0.645s] byte-compiling /home/yoichi/ros2_ws/src/mypkg/install/mypkg/lib/python3.10/site-packages/mypkg/talker.py to talker.cpython-310.pyc
[0.645s] running install_data
[0.646s] creating /home/yoichi/ros2_ws/src/mypkg/install/mypkg/share/ament_index/resource_index/packages
[0.646s] copying resource/mypkg -> /home/yoichi/ros2_ws/src/mypkg/install/mypkg/share/ament_index/resource_index/packages
[0.646s] copying package.xml -> /home/yoichi/ros2_ws/src/mypkg/install/mypkg/share/mypkg
[0.646s] copying launch/talk_listen.launch.py -> /home/yoichi/ros2_ws/src/mypkg/install/mypkg/share/mypkg
[0.646s] running install_egg_info
[0.655s] Copying build/mypkg/mypkg.egg-info to /home/yoichi/ros2_ws/src/mypkg/install/mypkg/lib/python3.10/site-packages/mypkg-0.0.0-py3.10.egg-info
[0.656s] running install_scripts
[0.674s] Installing listener script to /home/yoichi/ros2_ws/src/mypkg/install/mypkg/lib/mypkg
[0.675s] Installing talker script to /home/yoichi/ros2_ws/src/mypkg/install/mypkg/lib/mypkg
[0.675s] writing list of installed files to '/home/yoichi/ros2_ws/src/mypkg/build/mypkg/install.log'
[0.690s] Invoked command in '/home/yoichi/ros2_ws/src/mypkg' returned '0': CONDA_PROMPT_MODIFIER=(base) PYTHONPATH=/home/yoichi/ros2_ws/src/mypkg/build/mypkg/prefix_override:/usr/lib/python3/dist-packages/colcon_core/task/python/colcon_distutils_commands:/home/yoichi/ros2_ws/src/mypkg/install/mypkg/lib/python3.10/site-packages:${PYTHONPATH} /usr/bin/python3 -W ignore:setup.py install is deprecated -W ignore:easy_install command is deprecated setup.py egg_info --egg-base build/mypkg build --build-base /home/yoichi/ros2_ws/src/mypkg/build/mypkg/build install --record /home/yoichi/ros2_ws/src/mypkg/build/mypkg/install.log --single-version-externally-managed install_data
